<!DOCTYPE html PUBLIC "-//W3C//DTD XHTML 1.1//EN" "https://www.w3.org/TR/xhtml11/DTD/xhtml11.dtd">
<html xmlns="https://www.w3.org/1999/xhtml">
<head>
<meta http-equiv="content-type" content="text/html; charset=UTF-8"/>
<title>TestNG Report</title>
<style type="text/css">table {margin-bottom:10px;border-collapse:collapse;empty-cells:show}th,td {border:1px solid #009;padding:.25em .5em}th {vertical-align:bottom}td {vertical-align:top}table a {font-weight:bold}.stripe td {background-color: #E6EBF9}.num {text-align:right}.passedodd td {background-color: #3F3}.passedeven td {background-color: #0A0}.skippedodd td {background-color: #DDD}.skippedeven td {background-color: #CCC}.failedodd td,.attn {background-color: #F33}.failedeven td,.stripe .attn {background-color: #D00}.stacktrace {white-space:pre;font-family:monospace}.totop {font-size:85%;text-align:center;border-bottom:2px solid #000}.invisible {display:none}</style>
</head>
<body>
<table>
<tr><th>Test</th><th># Passed</th><th># Skipped</th><th># Retried</th><th># Failed</th><th>Time (ms)</th><th>Included Groups</th><th>Excluded Groups</th></tr>
<tr><th colspan="8">HotelAppSuite</th></tr>
<tr><td><a href="#t0">Hotel Tests</a></td><td class="num">14</td><td class="num">0</td><td class="num">0</td><td class="num attn">3</td><td class="num">187,354</td><td></td><td></td></tr>
</table>
<table id='summary'><thead><tr><th>Class</th><th>Method</th><th>Start</th><th>Time (ms)</th></tr></thead><tbody><tr><th colspan="4">HotelAppSuite</th></tr></tbody><tbody id="t0"><tr><th colspan="4">Hotel Tests &#8212; failed</th></tr><tr class="failedeven"><td rowspan="1">tests.BookHotelTest</td><td><a href="#m0">testInvalidCVV</a></td><td rowspan="1">1755225179323</td><td rowspan="1">5691</td></tr><tr class="failedodd"><td rowspan="1">tests.CancelBookingTest</td><td><a href="#m1">validateCancellationMessageIsDisplayed</a></td><td rowspan="1">1755225231207</td><td rowspan="1">40734</td></tr><tr class="failedeven"><td rowspan="1">tests.SearchHotelTest</td><td><a href="#m2">validateDefaultDropdownSelection</a></td><td rowspan="1">1755225121608</td><td rowspan="1">1347</td></tr><tr><th colspan="4">Hotel Tests &#8212; passed</th></tr><tr class="passedeven"><td rowspan="2">tests.BookHotelTest</td><td><a href="#m3">testBlankFormSubmission</a></td><td rowspan="1">1755225170711</td><td rowspan="1">4307</td></tr><tr class="passedeven"><td><a href="#m4">testFullBookingFlow</a></td><td rowspan="1">1755225190325</td><td rowspan="1">9955</td></tr><tr class="passedodd"><td rowspan="2">tests.CancelBookingTest</td><td><a href="#m5">login</a></td><td rowspan="1">1755225203953</td><td rowspan="1">1031</td></tr><tr class="passedodd"><td><a href="#m6">navigateToBookedItinerary</a></td><td rowspan="1">1755225207757</td><td rowspan="1">19687</td></tr><tr class="passedeven"><td rowspan="4">tests.LoginTest</td><td><a href="#m7">validateEmptyUsernameAndPassword</a></td><td rowspan="1">1755225098265</td><td rowspan="1">667</td></tr><tr class="passedeven"><td><a href="#m8">validateLoginFieldsPresence</a></td><td rowspan="1">1755225093868</td><td rowspan="1">200</td></tr><tr class="passedeven"><td><a href="#m9">validateLoginPageTitle</a></td><td rowspan="1">1755225090261</td><td rowspan="1">68</td></tr><tr class="passedeven"><td><a href="#m10">validateSuccessfulLogin</a></td><td rowspan="1">1755225103771</td><td rowspan="1">1177</td></tr><tr class="passedodd"><td rowspan="4">tests.SearchHotelTest</td><td><a href="#m11">testSearchHotel</a></td><td rowspan="1">1755225133684</td><td rowspan="1">3268</td></tr><tr class="passedodd"><td><a href="#m12">validateSearchFieldsPresence</a></td><td rowspan="1">1755225114582</td><td rowspan="1">1143</td></tr><tr class="passedodd"><td><a href="#m13">validateSearchPageTitle</a></td><td rowspan="1">1755225108517</td><td rowspan="1">1301</td></tr><tr class="passedodd"><td><a href="#m14">validateSearchWithoutEnteringFields</a></td><td rowspan="1">1755225128668</td><td rowspan="1">1540</td></tr><tr class="passedeven"><td rowspan="2">tests.SelectHotelTest</td><td><a href="#m15">validateGSTCalculation</a></td><td rowspan="1">1755225163830</td><td rowspan="1">3451</td></tr><tr class="passedeven"><td><a href="#m16">validateHotelDetailsDisplayed</a></td><td rowspan="1">1755225156852</td><td rowspan="1">3352</td></tr></tbody>
</table>
<h2>Hotel Tests</h2><h3 id="m0">tests.BookHotelTest#testInvalidCVV</h3><table class="result"><tr><th>Exception</th></tr><tr><td><div class="stacktrace">java.lang.AssertionError: CVV validation failed expected [true] but found [false]
	at tests.BookHotelTest.testInvalidCVV(BookHotelTest.java:84)
	at java.base/java.util.ArrayList.forEach(ArrayList.java:1596)
... Removed 28 stack frames</div></td></tr></table><p class="totop"><a href="#summary">back to summary</a></p>
<h3 id="m1">tests.CancelBookingTest#validateCancellationMessageIsDisplayed</h3><table class="result"><tr><th>Exception</th></tr><tr><td><div class="stacktrace">java.lang.AssertionError: Cancellation message not displayed. expected [true] but found [false]
	at tests.CancelBookingTest.validateCancellationMessageIsDisplayed(CancelBookingTest.java:99)
	at java.base/java.util.ArrayList.forEach(ArrayList.java:1596)
... Removed 28 stack frames</div></td></tr></table><p class="totop"><a href="#summary">back to summary</a></p>
<h3 id="m2">tests.SearchHotelTest#validateDefaultDropdownSelection</h3><table class="result"><tr><th>Exception</th></tr><tr><td><div class="stacktrace">org.openqa.selenium.NoSuchElementException: no such element: Unable to locate element: {&quot;method&quot;:&quot;css selector&quot;,&quot;selector&quot;:&quot;#location&quot;}
  (Session info: chrome=139.0.7258.67)
For documentation on this error, please visit: https://www.selenium.dev/documentation/webdriver/troubleshooting/errors#no-such-element-exception
Build info: version: &apos;4.20.0&apos;, revision: &apos;866c76ca80&apos;
System info: os.name: &apos;Windows 11&apos;, os.arch: &apos;amd64&apos;, os.version: &apos;10.0&apos;, java.version: &apos;21.0.6&apos;
Driver info: org.openqa.selenium.chrome.ChromeDriver
Command: [9a07e8e60677b836a9838c04cfa6ff9d, findElement {using=id, value=location}]
Capabilities {acceptInsecureCerts: false, browserName: chrome, browserVersion: 139.0.7258.67, chrome: {chromedriverVersion: 139.0.7258.68 (40ff94600b6e..., userDataDir: C:\Users\Vijaya\AppData\Loc...}, fedcm:accounts: true, goog:chromeOptions: {debuggerAddress: localhost:53664}, networkConnectionEnabled: false, pageLoadStrategy: normal, platformName: windows, proxy: Proxy(), se:cdp: ws://localhost:53664/devtoo..., se:cdpVersion: 139.0.7258.67, setWindowRect: true, strictFileInteractability: false, timeouts: {implicit: 0, pageLoad: 300000, script: 30000}, unhandledPromptBehavior: dismiss and notify, webauthn:extension:credBlob: true, webauthn:extension:largeBlob: true, webauthn:extension:minPinLength: true, webauthn:extension:prf: true, webauthn:virtualAuthenticators: true}
Session ID: 9a07e8e60677b836a9838c04cfa6ff9d
	at org.openqa.selenium.remote.ErrorCodec.decode(ErrorCodec.java:167)
	at org.openqa.selenium.remote.codec.w3c.W3CHttpResponseCodec.decode(W3CHttpResponseCodec.java:138)
	at org.openqa.selenium.remote.codec.w3c.W3CHttpResponseCodec.decode(W3CHttpResponseCodec.java:50)
	at org.openqa.selenium.remote.HttpCommandExecutor.execute(HttpCommandExecutor.java:190)
	at org.openqa.selenium.remote.service.DriverCommandExecutor.invokeExecute(DriverCommandExecutor.java:216)
	at org.openqa.selenium.remote.service.DriverCommandExecutor.execute(DriverCommandExecutor.java:174)
	at org.openqa.selenium.remote.RemoteWebDriver.execute(RemoteWebDriver.java:518)
	at org.openqa.selenium.remote.ElementLocation$ElementFinder$2.findElement(ElementLocation.java:165)
	at org.openqa.selenium.remote.ElementLocation.findElement(ElementLocation.java:59)
	at org.openqa.selenium.remote.RemoteWebDriver.findElement(RemoteWebDriver.java:355)
	at org.openqa.selenium.remote.RemoteWebDriver.findElement(RemoteWebDriver.java:349)
	at tests.SearchHotelTest.validateDefaultDropdownSelection(SearchHotelTest.java:52)
	at java.base/java.util.ArrayList.forEach(ArrayList.java:1596)
... Removed 28 stack frames</div></td></tr></table><p class="totop"><a href="#summary">back to summary</a></p>
<h3 id="m3">tests.BookHotelTest#testBlankFormSubmission</h3><table class="result"><tr><th class="invisible"/></tr></table><p class="totop"><a href="#summary">back to summary</a></p>
<h3 id="m4">tests.BookHotelTest#testFullBookingFlow</h3><table class="result"><tr><th class="invisible"/></tr></table><p class="totop"><a href="#summary">back to summary</a></p>
<h3 id="m5">tests.CancelBookingTest#login</h3><table class="result"><tr><th class="invisible"/></tr></table><p class="totop"><a href="#summary">back to summary</a></p>
<h3 id="m6">tests.CancelBookingTest#navigateToBookedItinerary</h3><table class="result"><tr><th class="invisible"/></tr></table><p class="totop"><a href="#summary">back to summary</a></p>
<h3 id="m7">tests.LoginTest#validateEmptyUsernameAndPassword</h3><table class="result"><tr><th class="invisible"/></tr></table><p class="totop"><a href="#summary">back to summary</a></p>
<h3 id="m8">tests.LoginTest#validateLoginFieldsPresence</h3><table class="result"><tr><th class="invisible"/></tr></table><p class="totop"><a href="#summary">back to summary</a></p>
<h3 id="m9">tests.LoginTest#validateLoginPageTitle</h3><table class="result"><tr><th class="invisible"/></tr></table><p class="totop"><a href="#summary">back to summary</a></p>
<h3 id="m10">tests.LoginTest#validateSuccessfulLogin</h3><table class="result"><tr><th class="invisible"/></tr></table><p class="totop"><a href="#summary">back to summary</a></p>
<h3 id="m11">tests.SearchHotelTest#testSearchHotel</h3><table class="result"><tr><th class="invisible"/></tr></table><p class="totop"><a href="#summary">back to summary</a></p>
<h3 id="m12">tests.SearchHotelTest#validateSearchFieldsPresence</h3><table class="result"><tr><th class="invisible"/></tr></table><p class="totop"><a href="#summary">back to summary</a></p>
<h3 id="m13">tests.SearchHotelTest#validateSearchPageTitle</h3><table class="result"><tr><th class="invisible"/></tr></table><p class="totop"><a href="#summary">back to summary</a></p>
<h3 id="m14">tests.SearchHotelTest#validateSearchWithoutEnteringFields</h3><table class="result"><tr><th class="invisible"/></tr></table><p class="totop"><a href="#summary">back to summary</a></p>
<h3 id="m15">tests.SelectHotelTest#validateGSTCalculation</h3><table class="result"><tr><th class="invisible"/></tr></table><p class="totop"><a href="#summary">back to summary</a></p>
<h3 id="m16">tests.SelectHotelTest#validateHotelDetailsDisplayed</h3><table class="result"><tr><th class="invisible"/></tr></table><p class="totop"><a href="#summary">back to summary</a></p>
</body>
</html>
